Performing C SOURCE FILE Test CMAKE_HAVE_LIBC_PTHREAD failed with the following output:
Change Dir: /home/melody/home_work/plicp/cmake-build-debug/CMakeFiles/CMakeTmp

Run Build Command(s):/usr/bin/make cmTC_7fe58/fast && /usr/bin/make  -f CMakeFiles/cmTC_7fe58.dir/build.make CMakeFiles/cmTC_7fe58.dir/build
make[1]: 进入目录“/home/melody/home_work/plicp/cmake-build-debug/CMakeFiles/CMakeTmp”
Building C object CMakeFiles/cmTC_7fe58.dir/src.c.o
/usr/bin/cc   -DCMAKE_HAVE_LIBC_PTHREAD   -o CMakeFiles/cmTC_7fe58.dir/src.c.o   -c /home/melody/home_work/plicp/cmake-build-debug/CMakeFiles/CMakeTmp/src.c
Linking C executable cmTC_7fe58
/home/melody/ide/clion-2020.3.2/bin/cmake/linux/bin/cmake -E cmake_link_script CMakeFiles/cmTC_7fe58.dir/link.txt --verbose=1
/usr/bin/cc  -DCMAKE_HAVE_LIBC_PTHREAD    -rdynamic CMakeFiles/cmTC_7fe58.dir/src.c.o  -o cmTC_7fe58 
/usr/bin/ld: CMakeFiles/cmTC_7fe58.dir/src.c.o: in function `main':
src.c:(.text+0x3c): undefined reference to `pthread_create'
/usr/bin/ld: src.c:(.text+0x48): undefined reference to `pthread_detach'
/usr/bin/ld: src.c:(.text+0x54): undefined reference to `pthread_cancel'
/usr/bin/ld: src.c:(.text+0x65): undefined reference to `pthread_join'
collect2: error: ld returned 1 exit status
make[1]: *** [CMakeFiles/cmTC_7fe58.dir/build.make:107：cmTC_7fe58] 错误 1
make[1]: 离开目录“/home/melody/home_work/plicp/cmake-build-debug/CMakeFiles/CMakeTmp”
make: *** [Makefile:141：cmTC_7fe58/fast] 错误 2


Source file was:
#include <pthread.h>

void* test_func(void* data)
{
  return data;
}

int main(void)
{
  pthread_t thread;
  pthread_create(&thread, NULL, test_func, NULL);
  pthread_detach(thread);
  pthread_cancel(thread);
  pthread_join(thread, NULL);
  pthread_atfork(NULL, NULL, NULL);
  pthread_exit(NULL);

  return 0;
}

Determining if the function pthread_create exists in the pthreads failed with the following output:
Change Dir: /home/melody/home_work/plicp/cmake-build-debug/CMakeFiles/CMakeTmp

Run Build Command(s):/usr/bin/make cmTC_7f72a/fast && /usr/bin/make  -f CMakeFiles/cmTC_7f72a.dir/build.make CMakeFiles/cmTC_7f72a.dir/build
make[1]: 进入目录“/home/melody/home_work/plicp/cmake-build-debug/CMakeFiles/CMakeTmp”
Building C object CMakeFiles/cmTC_7f72a.dir/CheckFunctionExists.c.o
/usr/bin/cc   -DCHECK_FUNCTION_EXISTS=pthread_create   -o CMakeFiles/cmTC_7f72a.dir/CheckFunctionExists.c.o   -c /home/melody/ide/clion-2020.3.2/bin/cmake/linux/share/cmake-3.17/Modules/CheckFunctionExists.c
Linking C executable cmTC_7f72a
/home/melody/ide/clion-2020.3.2/bin/cmake/linux/bin/cmake -E cmake_link_script CMakeFiles/cmTC_7f72a.dir/link.txt --verbose=1
/usr/bin/cc  -DCHECK_FUNCTION_EXISTS=pthread_create    -rdynamic CMakeFiles/cmTC_7f72a.dir/CheckFunctionExists.c.o  -o cmTC_7f72a  -lpthreads 
/usr/bin/ld: 找不到 -lpthreads
collect2: error: ld returned 1 exit status
make[1]: *** [CMakeFiles/cmTC_7f72a.dir/build.make:107：cmTC_7f72a] 错误 1
make[1]: 离开目录“/home/melody/home_work/plicp/cmake-build-debug/CMakeFiles/CMakeTmp”
make: *** [Makefile:141：cmTC_7f72a/fast] 错误 2



